<?xml version="1.0" encoding="UTF-8"?>
<testsuite name="com.bridgelabz.iplcensusanalyser.test.IplCensusAnalyserTest" tests="1" skipped="0" failures="0" errors="0" timestamp="2020-09-11T22:05:50" hostname="DESKTOP-96O27FC" time="0.691">
  <properties/>
  <testcase name="givenIplHighest6sDataShouldReturnCorrectResult" classname="com.bridgelabz.iplcensusanalyser.test.IplCensusAnalyserTest" time="0.691"/>
  <system-out><![CDATA[IplBattingCsv{slNo=0, playerName='Andre Russell', avg=56.66, sr=204.81, highest6s=52, highest4s=0}
]]></system-out>
  <system-err><![CDATA[]]></system-err>
</testsuite>
