<?xml version="1.0" encoding="UTF-8"?>
<testsuite name="com.bridgelabz.iplcensusanalyser.test.IplCensusAnalyserTest" tests="1" skipped="0" failures="0" errors="0" timestamp="2020-09-13T21:11:39" hostname="DESKTOP-96O27FC" time="0.631">
  <properties/>
  <testcase name="givenIplPlayerWithHighestWicketsShouldReturnCorrectResult" classname="com.bridgelabz.iplcensusanalyser.test.IplCensusAnalyserTest" time="0.631"/>
  <system-out><![CDATA[IplBowlingCsv{slNo=0, playerName='Imran Tahir', avg=16.57, sr=14.84, ecNo=6.69, highest4W=2.0, highest5W=0.0, wickets=26}
]]></system-out>
  <system-err><![CDATA[]]></system-err>
</testsuite>
