<?xml version="1.0" encoding="UTF-8"?>
<testsuite name="com.bridgelabz.iplcensusanalyser.test.IplCensusAnalyserTest" tests="1" skipped="0" failures="0" errors="0" timestamp="2020-09-13T19:06:43" hostname="DESKTOP-96O27FC" time="0.434">
  <properties/>
  <testcase name="givenIplPlayerWithBestBowlingAvgShouldReturnCorrectResult" classname="com.bridgelabz.iplcensusanalyser.test.IplCensusAnalyserTest" time="0.434"/>
  <system-out><![CDATA[IplBowlingCsv{slNo=0, playerName='Anukul Roy', avg=11.0}
]]></system-out>
  <system-err><![CDATA[]]></system-err>
</testsuite>
