<?xml version="1.0" encoding="UTF-8"?>
<testsuite name="com.bridgelabz.iplcensusanalyser.test.IplCensusAnalyserTest" tests="1" skipped="0" failures="0" errors="0" timestamp="2020-09-13T20:58:38" hostname="DESKTOP-96O27FC" time="0.62">
  <properties/>
  <testcase name="givenIplPlayerWithBest_BowlAvg_BowlSr_EconRateShouldReturnCorrectResult" classname="com.bridgelabz.iplcensusanalyser.test.IplCensusAnalyserTest" time="0.62"/>
  <system-out><![CDATA[IplBowlingCsv{slNo=0, playerName='Anukul Roy', avg=11.0, sr=12.0, ecNo=5.5, highest4W=0.0, highest5W=0.0}
]]></system-out>
  <system-err><![CDATA[]]></system-err>
</testsuite>
