<?xml version="1.0" encoding="UTF-8"?>
<testsuite name="com.bridgelabz.iplcensusanalyser.test.IplCensusAnalyserTest" tests="1" skipped="0" failures="0" errors="0" timestamp="2020-09-13T19:39:39" hostname="DESKTOP-96O27FC" time="1.284">
  <properties/>
  <testcase name="givenIplBestBattingAvgDataShouldReturnCorrectResult" classname="com.bridgelabz.iplcensusanalyser.test.IplCensusAnalyserTest" time="1.284"/>
  <system-out><![CDATA[IplBattingCsv{slNo=0, playerName='MS Dhoni', avg=83.2, sr=134.62, highest6s=23, highest4s=0, runs=416}
]]></system-out>
  <system-err><![CDATA[]]></system-err>
</testsuite>
