<?xml version="1.0" encoding="UTF-8"?>
<testsuite name="com.bridgelabz.iplcensusanalyser.test.IplCensusAnalyserTest" tests="1" skipped="0" failures="0" errors="0" timestamp="2020-09-13T20:50:11" hostname="DESKTOP-96O27FC" time="0.604">
  <properties/>
  <testcase name="givenIplPlayerWithBest_4W_5W_EconRateShouldReturnCorrectResult" classname="com.bridgelabz.iplcensusanalyser.test.IplCensusAnalyserTest" time="0.604"/>
  <system-out><![CDATA[IplBowlingCsv{slNo=0, playerName='Lasith Malinga', avg=27.37, sr=16.81, ecNo=9.76, highest4W=2.0, highest5W=0.0}
]]></system-out>
  <system-err><![CDATA[]]></system-err>
</testsuite>
