<?xml version="1.0" encoding="UTF-8"?>
<testsuite name="com.bridgelabz.iplcensusanalyser.test.IplCensusAnalyserTest" tests="1" skipped="0" failures="0" errors="0" timestamp="2020-09-13T20:39:35" hostname="DESKTOP-96O27FC" time="0.476">
  <properties/>
  <testcase name="givenIplPlayerWithBestBowlingEconRateShouldReturnCorrectResult" classname="com.bridgelabz.iplcensusanalyser.test.IplCensusAnalyserTest" time="0.476"/>
  <system-out><![CDATA[IplBowlingCsv{slNo=0, playerName='Shivam Dube', avg=1110.0, sr=10000.0, Econ=4.8}
]]></system-out>
  <system-err><![CDATA[]]></system-err>
</testsuite>
